<?xml version="1.0" encoding="UTF-8"?>
<!-- Generated by org.testng.reporters.JUnitReportReporter -->
<testsuite hostname="DESKTOP-IKL7DTL" name="runner.LoginRunner$TestRunner" tests="1" failures="0" timestamp="22 Oct 2020 06:30:13 GMT" time="131.890" errors="0">
  <testcase name="runScenario" time="131.890" classname="runner.LoginRunner$TestRunner"/>
</testsuite> <!-- runner.LoginRunner$TestRunner -->
