<?xml version="1.0" encoding="UTF-8"?>
<!-- Generated by org.testng.reporters.JUnitReportReporter -->
<testsuite hostname="DESKTOP-IKL7DTL" name="runner.ManageUserRunner$TestRunner" tests="1" failures="0" timestamp="26 Oct 2020 09:58:45 GMT" time="116.291" errors="0">
  <testcase name="runScenario" time="116.291" classname="runner.ManageUserRunner$TestRunner"/>
</testsuite> <!-- runner.ManageUserRunner$TestRunner -->
